This file contains any messages produced by compilers while
running configure, to aid debugging if configure makes a mistake.

It was created by Xen Hypervisor Tools configure 4.15, which was
generated by GNU Autoconf 2.69.  Invocation command line was

  $ ./configure --disable-option-checking --prefix=/usr/local --libdir=/usr/local --enable-systemd --cache-file=/dev/null --srcdir=.

## --------- ##
## Platform. ##
## --------- ##

hostname = hamza-Inspiron-3493
uname -m = x86_64
uname -r = 5.4.33
uname -s = Linux
uname -v = #1.ribalinux SMP Sat Jun 6 20:44:57 PKT 2020

/usr/bin/uname -p = x86_64
/bin/uname -X     = unknown

/bin/arch              = x86_64
/usr/bin/arch -k       = unknown
/usr/convex/getsysinfo = unknown
/usr/bin/hostinfo      = unknown
/bin/machine           = unknown
/usr/bin/oslevel       = unknown
/bin/universe          = unknown

PATH: /usr/local/sbin
PATH: /usr/local/bin
PATH: /usr/sbin
PATH: /usr/bin
PATH: /sbin
PATH: /bin
PATH: /snap/bin


## ----------- ##
## Core tests. ##
## ----------- ##

configure:2496: checking build system type
configure:2510: result: x86_64-pc-linux-gnu
configure:2530: checking host system type
configure:2543: result: x86_64-pc-linux-gnu
configure:2618: checking for gcc
configure:2634: found /usr/bin/gcc
configure:2645: result: gcc
configure:2874: checking for C compiler version
configure:2883: gcc --version >&5
gcc (Ubuntu 9.3.0-10ubuntu2) 9.3.0
Copyright (C) 2019 Free Software Foundation, Inc.
This is free software; see the source for copying conditions.  There is NO
warranty; not even for MERCHANTABILITY or FITNESS FOR A PARTICULAR PURPOSE.

configure:2894: $? = 0
configure:2883: gcc -v >&5
Using built-in specs.
COLLECT_GCC=gcc
COLLECT_LTO_WRAPPER=/usr/lib/gcc/x86_64-linux-gnu/9/lto-wrapper
OFFLOAD_TARGET_NAMES=nvptx-none:hsa
OFFLOAD_TARGET_DEFAULT=1
Target: x86_64-linux-gnu
Configured with: ../src/configure -v --with-pkgversion='Ubuntu 9.3.0-10ubuntu2' --with-bugurl=file:///usr/share/doc/gcc-9/README.Bugs --enable-languages=c,ada,c++,go,brig,d,fortran,objc,obj-c++,gm2 --prefix=/usr --with-gcc-major-version-only --program-suffix=-9 --program-prefix=x86_64-linux-gnu- --enable-shared --enable-linker-build-id --libexecdir=/usr/lib --without-included-gettext --enable-threads=posix --libdir=/usr/lib --enable-nls --enable-clocale=gnu --enable-libstdcxx-debug --enable-libstdcxx-time=yes --with-default-libstdcxx-abi=new --enable-gnu-unique-object --disable-vtable-verify --enable-plugin --enable-default-pie --with-system-zlib --with-target-system-zlib=auto --enable-objc-gc=auto --enable-multiarch --disable-werror --with-arch-32=i686 --with-abi=m64 --with-multilib-list=m32,m64,mx32 --enable-multilib --with-tune=generic --enable-offload-targets=nvptx-none,hsa --without-cuda-driver --enable-checking=release --build=x86_64-linux-gnu --host=x86_64-linux-gnu --target=x86_64-linux-gnu
Thread model: posix
gcc version 9.3.0 (Ubuntu 9.3.0-10ubuntu2) 
configure:2894: $? = 0
configure:2883: gcc -V >&5
gcc: error: unrecognized command line option '-V'
gcc: fatal error: no input files
compilation terminated.
configure:2894: $? = 1
configure:2883: gcc -qversion >&5
gcc: error: unrecognized command line option '-qversion'; did you mean '--version'?
gcc: fatal error: no input files
compilation terminated.
configure:2894: $? = 1
configure:2914: checking whether the C compiler works
configure:2936: gcc    conftest.c  >&5
configure:2940: $? = 0
configure:2988: result: yes
configure:2991: checking for C compiler default output file name
configure:2993: result: a.out
configure:2999: checking for suffix of executables
configure:3006: gcc -o conftest    conftest.c  >&5
configure:3010: $? = 0
configure:3032: result: 
configure:3054: checking whether we are cross compiling
configure:3062: gcc -o conftest    conftest.c  >&5
configure:3066: $? = 0
configure:3073: ./conftest
configure:3077: $? = 0
configure:3065: result: no
configure:3070: checking for suffix of object files
configure:3092: gcc -c   conftest.c >&5
configure:3096: $? = 0
configure:3117: result: o
configure:3121: checking whether we are using the GNU C compiler
configure:3140: gcc -c   conftest.c >&5
configure:3140: $? = 0
configure:3149: result: yes
configure:3158: checking whether gcc accepts -g
configure:3178: gcc -c -g  conftest.c >&5
configure:3178: $? = 0
configure:3219: result: yes
configure:3236: checking for gcc option to accept ISO C89
configure:3299: gcc  -c -g -O2  conftest.c >&5
configure:3299: $? = 0
configure:3312: result: none needed
configure:3340: checking for special C compiler options needed for large files
configure:3385: result: no
configure:3391: checking for _FILE_OFFSET_BITS value needed for large files
configure:3416: gcc -c -g -O2  conftest.c >&5
configure:3416: $? = 0
configure:3448: result: no
configure:4290: checking for as86
configure:4308: found /usr/bin/as86
configure:4321: result: /usr/bin/as86
configure:4335: checking for ld86
configure:4353: found /usr/bin/ld86
configure:4366: result: /usr/bin/ld86
configure:4380: checking for bcc
configure:4398: found /usr/bin/bcc
configure:4411: result: /usr/bin/bcc
configure:4423: checking for lzma_version_number in -llzma
configure:4448: gcc -o conftest -g -O2   conftest.c -llzma   >&5
configure:4448: $? = 0
configure:4457: result: yes
configure:4740: checking for gcc
configure:4767: result: gcc
configure:4996: checking for C compiler version
configure:5005: gcc --version >&5
gcc (Ubuntu 9.3.0-10ubuntu2) 9.3.0
Copyright (C) 2019 Free Software Foundation, Inc.
This is free software; see the source for copying conditions.  There is NO
warranty; not even for MERCHANTABILITY or FITNESS FOR A PARTICULAR PURPOSE.

configure:5016: $? = 0
configure:5005: gcc -v >&5
Using built-in specs.
COLLECT_GCC=gcc
COLLECT_LTO_WRAPPER=/usr/lib/gcc/x86_64-linux-gnu/9/lto-wrapper
OFFLOAD_TARGET_NAMES=nvptx-none:hsa
OFFLOAD_TARGET_DEFAULT=1
Target: x86_64-linux-gnu
Configured with: ../src/configure -v --with-pkgversion='Ubuntu 9.3.0-10ubuntu2' --with-bugurl=file:///usr/share/doc/gcc-9/README.Bugs --enable-languages=c,ada,c++,go,brig,d,fortran,objc,obj-c++,gm2 --prefix=/usr --with-gcc-major-version-only --program-suffix=-9 --program-prefix=x86_64-linux-gnu- --enable-shared --enable-linker-build-id --libexecdir=/usr/lib --without-included-gettext --enable-threads=posix --libdir=/usr/lib --enable-nls --enable-clocale=gnu --enable-libstdcxx-debug --enable-libstdcxx-time=yes --with-default-libstdcxx-abi=new --enable-gnu-unique-object --disable-vtable-verify --enable-plugin --enable-default-pie --with-system-zlib --with-target-system-zlib=auto --enable-objc-gc=auto --enable-multiarch --disable-werror --with-arch-32=i686 --with-abi=m64 --with-multilib-list=m32,m64,mx32 --enable-multilib --with-tune=generic --enable-offload-targets=nvptx-none,hsa --without-cuda-driver --enable-checking=release --build=x86_64-linux-gnu --host=x86_64-linux-gnu --target=x86_64-linux-gnu
Thread model: posix
gcc version 9.3.0 (Ubuntu 9.3.0-10ubuntu2) 
configure:5016: $? = 0
configure:5005: gcc -V >&5
gcc: error: unrecognized command line option '-V'
gcc: fatal error: no input files
compilation terminated.
configure:5016: $? = 1
configure:5005: gcc -qversion >&5
gcc: error: unrecognized command line option '-qversion'; did you mean '--version'?
gcc: fatal error: no input files
compilation terminated.
configure:5016: $? = 1
configure:5020: checking whether we are using the GNU C compiler
configure:5048: result: yes
configure:5057: checking whether gcc accepts -g
configure:5118: result: yes
configure:5135: checking for gcc option to accept ISO C89
configure:5211: result: none needed
configure:5231: checking whether make sets $(MAKE)
configure:5253: result: yes
configure:5276: checking for a BSD-compatible install
configure:5344: result: /usr/bin/install -c
configure:5357: checking for bison
configure:5375: found /usr/bin/bison
configure:5387: result: /usr/bin/bison
configure:5397: checking for flex
configure:5415: found /usr/bin/flex
configure:5427: result: /usr/bin/flex
configure:5437: checking for perl
configure:5455: found /usr/bin/perl
configure:5468: result: /usr/bin/perl
configure:5482: checking for awk
configure:5500: found /usr/bin/awk
configure:5513: result: /usr/bin/awk
configure:5570: checking for ocamlc
configure:5586: found /usr/bin/ocamlc
configure:5597: result: ocamlc
configure:5622: result: OCaml version is 4.08.1
configure:5631: result: OCaml library path is /usr/lib/ocaml
configure:5681: checking for ocamlopt
configure:5697: found /usr/bin/ocamlopt
configure:5708: result: ocamlopt
configure:5791: checking for ocamlc.opt
configure:5807: found /usr/bin/ocamlc.opt
configure:5818: result: ocamlc.opt
configure:5895: checking for ocamlopt.opt
configure:5911: found /usr/bin/ocamlopt.opt
configure:5922: result: ocamlopt.opt
configure:6004: checking for ocaml
configure:6020: found /usr/bin/ocaml
configure:6031: result: ocaml
configure:6098: checking for ocamldep
configure:6114: found /usr/bin/ocamldep
configure:6125: result: ocamldep
configure:6192: checking for ocamlmktop
configure:6208: found /usr/bin/ocamlmktop
configure:6219: result: ocamlmktop
configure:6286: checking for ocamlmklib
configure:6302: found /usr/bin/ocamlmklib
configure:6313: result: ocamlmklib
configure:6380: checking for ocamldoc
configure:6396: found /usr/bin/ocamldoc
configure:6407: result: ocamldoc
configure:6474: checking for ocamlbuild
configure:6504: result: no
configure:6569: checking for ocamlfind
configure:6585: found /usr/bin/ocamlfind
configure:6596: result: ocamlfind
configure:6625: checking for gawk
configure:6652: result: /usr/bin/awk
configure:6767: checking for go
configure:6797: result: no
configure:6994: checking for checkpolicy
configure:7010: found /usr/bin/checkpolicy
configure:7021: result: checkpolicy
configure:7066: checking for bash
configure:7097: result: /bin/bash
configure:7115: checking for python3
configure:7131: found /usr/bin/python3
configure:7142: result: python3
configure:7163: checking for python3
configure:7181: found /usr/bin/python3
configure:7193: result: /usr/bin/python3
configure:7207: checking for python3
configure:7238: result: /usr/bin/python3
configure:7250: checking for python version >= 2.6 
configure:7260: result: yes
configure:7269: checking how to run the C preprocessor
configure:7300: gcc -E    conftest.c
configure:7300: $? = 0
configure:7314: gcc -E    conftest.c
conftest.c:16:10: fatal error: ac_nonexistent.h: No such file or directory
   16 | #include <ac_nonexistent.h>
      |          ^~~~~~~~~~~~~~~~~~
compilation terminated.
configure:7314: $? = 1
configure: failed program was:
| /* confdefs.h */
| #define PACKAGE_NAME "Xen Hypervisor Tools"
| #define PACKAGE_TARNAME "xen"
| #define PACKAGE_VERSION "4.15"
| #define PACKAGE_STRING "Xen Hypervisor Tools 4.15"
| #define PACKAGE_BUGREPORT "xen-devel@lists.xen.org"
| #define PACKAGE_URL "https://www.xen.org/"
| #define HAVE_QEMU_TRADITIONAL 1
| #define HAVE_LIBLZMA 1
| #define HAVE_ROMBIOS 1
| #define QEMU_XEN_PATH "/usr/local/lib/xen/bin/qemu-system-i386"
| #define STUBDOM_QMP_PROXY_PATH "/usr/local/bin/vchan-socket-proxy"
| #define SEABIOS_PATH "/usr/local/lib/xen/boot/seabios.bin"
| #define IPXE_PATH "/usr/local/lib/xen/boot/ipxe.bin"
| /* end confdefs.h.  */
| #include <ac_nonexistent.h>
configure:7339: result: gcc -E
configure:7359: gcc -E    conftest.c
configure:7359: $? = 0
configure:7373: gcc -E    conftest.c
conftest.c:16:10: fatal error: ac_nonexistent.h: No such file or directory
   16 | #include <ac_nonexistent.h>
      |          ^~~~~~~~~~~~~~~~~~
compilation terminated.
configure:7373: $? = 1
configure: failed program was:
| /* confdefs.h */
| #define PACKAGE_NAME "Xen Hypervisor Tools"
| #define PACKAGE_TARNAME "xen"
| #define PACKAGE_VERSION "4.15"
| #define PACKAGE_STRING "Xen Hypervisor Tools 4.15"
| #define PACKAGE_BUGREPORT "xen-devel@lists.xen.org"
| #define PACKAGE_URL "https://www.xen.org/"
| #define HAVE_QEMU_TRADITIONAL 1
| #define HAVE_LIBLZMA 1
| #define HAVE_ROMBIOS 1
| #define QEMU_XEN_PATH "/usr/local/lib/xen/bin/qemu-system-i386"
| #define STUBDOM_QMP_PROXY_PATH "/usr/local/bin/vchan-socket-proxy"
| #define SEABIOS_PATH "/usr/local/lib/xen/boot/seabios.bin"
| #define IPXE_PATH "/usr/local/lib/xen/boot/ipxe.bin"
| /* end confdefs.h.  */
| #include <ac_nonexistent.h>
configure:7402: checking for grep that handles long lines and -e
configure:7460: result: /usr/bin/grep
configure:7465: checking for egrep
configure:7527: result: /usr/bin/grep -E
configure:7532: checking for ANSI C header files
configure:7552: gcc -c -g -O2    conftest.c >&5
configure:7552: $? = 0
configure:7625: gcc -o conftest -g -O2       conftest.c -llzma  >&5
configure:7625: $? = 0
configure:7625: ./conftest
configure:7625: $? = 0
configure:7636: result: yes
configure:7649: checking for sys/types.h
configure:7649: gcc -c -g -O2    conftest.c >&5
configure:7649: $? = 0
configure:7649: result: yes
configure:7649: checking for sys/stat.h
configure:7649: gcc -c -g -O2    conftest.c >&5
configure:7649: $? = 0
configure:7649: result: yes
configure:7649: checking for stdlib.h
configure:7649: gcc -c -g -O2    conftest.c >&5
configure:7649: $? = 0
configure:7649: result: yes
configure:7649: checking for string.h
configure:7649: gcc -c -g -O2    conftest.c >&5
configure:7649: $? = 0
configure:7649: result: yes
configure:7649: checking for memory.h
configure:7649: gcc -c -g -O2    conftest.c >&5
configure:7649: $? = 0
configure:7649: result: yes
configure:7649: checking for strings.h
configure:7649: gcc -c -g -O2    conftest.c >&5
configure:7649: $? = 0
configure:7649: result: yes
configure:7649: checking for inttypes.h
configure:7649: gcc -c -g -O2    conftest.c >&5
configure:7649: $? = 0
configure:7649: result: yes
configure:7649: checking for stdint.h
configure:7649: gcc -c -g -O2    conftest.c >&5
configure:7649: $? = 0
configure:7649: result: yes
configure:7649: checking for unistd.h
configure:7649: gcc -c -g -O2    conftest.c >&5
configure:7649: $? = 0
configure:7649: result: yes
configure:7669: checking for python3-config
configure:7687: found /usr/bin/python3-config
configure:7700: result: /usr/bin/python3-config
configure:7739: checking Python.h usability
configure:7739: gcc -c -g -O2 -g -O2 -I/usr/include/python3.8 -I/usr/include/python3.8  -Wno-unused-result -Wsign-compare -g -fdebug-prefix-map=/build/python3.8-6QL2k7/python3.8-3.8.2=. -specs=/usr/share/dpkg/no-pie-compile.specs -fstack-protector -Wformat -Werror=format-security  -DNDEBUG -g -fwrapv -O3 -Wall conftest.c >&5
configure:7739: $? = 0
configure:7739: result: yes
configure:7739: checking Python.h presence
configure:7739: gcc -E -g -O2 -I/usr/include/python3.8 -I/usr/include/python3.8  -Wno-unused-result -Wsign-compare -g -fdebug-prefix-map=/build/python3.8-6QL2k7/python3.8-3.8.2=. -specs=/usr/share/dpkg/no-pie-compile.specs -fstack-protector -Wformat -Werror=format-security  -DNDEBUG -g -fwrapv -O3 -Wall conftest.c
configure:7739: $? = 0
configure:7739: result: yes
configure:7739: checking for Python.h
configure:7739: result: yes
configure:7747: checking for PyArg_ParseTuple
configure:7747: gcc -o conftest -g -O2 -g -O2 -I/usr/include/python3.8 -I/usr/include/python3.8  -Wno-unused-result -Wsign-compare -g -fdebug-prefix-map=/build/python3.8-6QL2k7/python3.8-3.8.2=. -specs=/usr/share/dpkg/no-pie-compile.specs -fstack-protector -Wformat -Werror=format-security  -DNDEBUG -g -fwrapv -O3 -Wall    -L/usr/lib/python3.8/config-3.8-x86_64-linux-gnu -L/usr/lib -lpython3.8 -lcrypt -lpthread -ldl  -lutil -lm -lm  conftest.c -llzma  -lpython3.8 -lcrypt -lpthread -ldl  -lutil -lm -lm  >&5
configure:7747: $? = 0
configure:7747: result: yes
configure:7760: checking whether Python setup.py brokenly enables -D_FORTIFY_SOURCE
configure:7778: result: no
configure:7800: checking for xgettext
configure:7818: found /usr/bin/xgettext
configure:7831: result: /usr/bin/xgettext
configure:7847: checking for iasl
configure:7865: found /usr/bin/iasl
configure:7878: result: /usr/bin/iasl
configure:7893: checking uuid/uuid.h usability
configure:7893: gcc -c -g -O2    conftest.c >&5
configure:7893: $? = 0
configure:7893: result: yes
configure:7893: checking uuid/uuid.h presence
configure:7893: gcc -E    conftest.c
configure:7893: $? = 0
configure:7893: result: yes
configure:7893: checking for uuid/uuid.h
configure:7893: result: yes
configure:7896: checking for uuid_clear in -luuid
configure:7921: gcc -o conftest -g -O2       conftest.c -luuid  -llzma  >&5
configure:7921: $? = 0
configure:7930: result: yes
configure:7940: checking uuid.h usability
configure:7940: gcc -c -g -O2    conftest.c >&5
conftest.c:59:10: fatal error: uuid.h: No such file or directory
   59 | #include <uuid.h>
      |          ^~~~~~~~
compilation terminated.
configure:7940: $? = 1
configure: failed program was:
| /* confdefs.h */
| #define PACKAGE_NAME "Xen Hypervisor Tools"
| #define PACKAGE_TARNAME "xen"
| #define PACKAGE_VERSION "4.15"
| #define PACKAGE_STRING "Xen Hypervisor Tools 4.15"
| #define PACKAGE_BUGREPORT "xen-devel@lists.xen.org"
| #define PACKAGE_URL "https://www.xen.org/"
| #define HAVE_QEMU_TRADITIONAL 1
| #define HAVE_LIBLZMA 1
| #define HAVE_ROMBIOS 1
| #define QEMU_XEN_PATH "/usr/local/lib/xen/bin/qemu-system-i386"
| #define STUBDOM_QMP_PROXY_PATH "/usr/local/bin/vchan-socket-proxy"
| #define SEABIOS_PATH "/usr/local/lib/xen/boot/seabios.bin"
| #define IPXE_PATH "/usr/local/lib/xen/boot/ipxe.bin"
| #define STDC_HEADERS 1
| #define HAVE_SYS_TYPES_H 1
| #define HAVE_SYS_STAT_H 1
| #define HAVE_STDLIB_H 1
| #define HAVE_STRING_H 1
| #define HAVE_MEMORY_H 1
| #define HAVE_STRINGS_H 1
| #define HAVE_INTTYPES_H 1
| #define HAVE_STDINT_H 1
| #define HAVE_UNISTD_H 1
| /* end confdefs.h.  */
| #include <stdio.h>
| #ifdef HAVE_SYS_TYPES_H
| # include <sys/types.h>
| #endif
| #ifdef HAVE_SYS_STAT_H
| # include <sys/stat.h>
| #endif
| #ifdef STDC_HEADERS
| # include <stdlib.h>
| # include <stddef.h>
| #else
| # ifdef HAVE_STDLIB_H
| #  include <stdlib.h>
| # endif
| #endif
| #ifdef HAVE_STRING_H
| # if !defined STDC_HEADERS && defined HAVE_MEMORY_H
| #  include <memory.h>
| # endif
| # include <string.h>
| #endif
| #ifdef HAVE_STRINGS_H
| # include <strings.h>
| #endif
| #ifdef HAVE_INTTYPES_H
| # include <inttypes.h>
| #endif
| #ifdef HAVE_STDINT_H
| # include <stdint.h>
| #endif
| #ifdef HAVE_UNISTD_H
| # include <unistd.h>
| #endif
| #include <uuid.h>
configure:7940: result: no
configure:7940: checking uuid.h presence
configure:7940: gcc -E    conftest.c
conftest.c:26:10: fatal error: uuid.h: No such file or directory
   26 | #include <uuid.h>
      |          ^~~~~~~~
compilation terminated.
configure:7940: $? = 1
configure: failed program was:
| /* confdefs.h */
| #define PACKAGE_NAME "Xen Hypervisor Tools"
| #define PACKAGE_TARNAME "xen"
| #define PACKAGE_VERSION "4.15"
| #define PACKAGE_STRING "Xen Hypervisor Tools 4.15"
| #define PACKAGE_BUGREPORT "xen-devel@lists.xen.org"
| #define PACKAGE_URL "https://www.xen.org/"
| #define HAVE_QEMU_TRADITIONAL 1
| #define HAVE_LIBLZMA 1
| #define HAVE_ROMBIOS 1
| #define QEMU_XEN_PATH "/usr/local/lib/xen/bin/qemu-system-i386"
| #define STUBDOM_QMP_PROXY_PATH "/usr/local/bin/vchan-socket-proxy"
| #define SEABIOS_PATH "/usr/local/lib/xen/boot/seabios.bin"
| #define IPXE_PATH "/usr/local/lib/xen/boot/ipxe.bin"
| #define STDC_HEADERS 1
| #define HAVE_SYS_TYPES_H 1
| #define HAVE_SYS_STAT_H 1
| #define HAVE_STDLIB_H 1
| #define HAVE_STRING_H 1
| #define HAVE_MEMORY_H 1
| #define HAVE_STRINGS_H 1
| #define HAVE_INTTYPES_H 1
| #define HAVE_STDINT_H 1
| #define HAVE_UNISTD_H 1
| /* end confdefs.h.  */
| #include <uuid.h>
configure:7940: result: no
configure:7940: checking for uuid.h
configure:7940: result: no
configure:7953: checking curses.h usability
configure:7953: gcc -c -g -O2    conftest.c >&5
configure:7953: $? = 0
configure:7953: result: yes
configure:7953: checking curses.h presence
configure:7953: gcc -E    conftest.c
configure:7953: $? = 0
configure:7953: result: yes
configure:7953: checking for curses.h
configure:7953: result: yes
configure:7956: checking for clear in -lcurses
configure:7981: gcc -o conftest -g -O2       conftest.c -lcurses  -llzma  >&5
configure:7981: $? = 0
configure:7990: result: yes
configure:8004: checking ncurses.h usability
configure:8004: gcc -c -g -O2    conftest.c >&5
configure:8004: $? = 0
configure:8004: result: yes
configure:8004: checking ncurses.h presence
configure:8004: gcc -E    conftest.c
configure:8004: $? = 0
configure:8004: result: yes
configure:8004: checking for ncurses.h
configure:8004: result: yes
configure:8007: checking for clear in -lncurses
configure:8032: gcc -o conftest -g -O2       conftest.c -lncurses  -llzma  >&5
configure:8032: $? = 0
configure:8041: result: yes
configure:8080: checking for define_key in -ltinfo
configure:8105: gcc -o conftest -g -O2       conftest.c -ltinfo  -llzma  >&5
configure:8105: $? = 0
configure:8114: result: yes
configure:8178: checking for pkg-config
configure:8196: found /usr/bin/pkg-config
configure:8208: result: /usr/bin/pkg-config
configure:8233: checking pkg-config is at least version 0.9.0
configure:8236: result: yes
configure:8248: checking for glib
configure:8255: $PKG_CONFIG --exists --print-errors "glib-2.0 >= 2.12"
configure:8258: $? = 0
configure:8272: $PKG_CONFIG --exists --print-errors "glib-2.0 >= 2.12"
configure:8275: $? = 0
configure:8333: result: yes
configure:8339: checking for pixman
configure:8346: $PKG_CONFIG --exists --print-errors "pixman-1 >= 0.21.8"
configure:8349: $? = 0
configure:8363: $PKG_CONFIG --exists --print-errors "pixman-1 >= 0.21.8"
configure:8366: $? = 0
configure:8424: result: yes
configure:8433: checking for wget
configure:8451: found /usr/bin/wget
configure:8464: result: /usr/bin/wget
configure:8474: checking for false
configure:8492: found /usr/bin/false
configure:8505: result: /usr/bin/false
configure:8577: checking bzlib.h usability
configure:8577: gcc -c -g -O2    conftest.c >&5
configure:8577: $? = 0
configure:8577: result: yes
configure:8577: checking bzlib.h presence
configure:8577: gcc -E    conftest.c
configure:8577: $? = 0
configure:8577: result: yes
configure:8577: checking for bzlib.h
configure:8577: result: yes
configure:8580: checking for BZ2_bzDecompressInit in -lbz2
configure:8605: gcc -o conftest -g -O2       conftest.c -lbz2  -llzma  >&5
configure:8605: $? = 0
configure:8614: result: yes
configure:8624: checking lzma.h usability
configure:8624: gcc -c -g -O2    conftest.c >&5
configure:8624: $? = 0
configure:8624: result: yes
configure:8624: checking lzma.h presence
configure:8624: gcc -E    conftest.c
configure:8624: $? = 0
configure:8624: result: yes
configure:8624: checking for lzma.h
configure:8624: result: yes
configure:8627: checking for lzma_stream_decoder in -llzma
configure:8652: gcc -o conftest -g -O2       conftest.c -llzma  -llzma  >&5
configure:8652: $? = 0
configure:8661: result: yes
configure:8671: checking lzo/lzo1x.h usability
configure:8671: gcc -c -g -O2    conftest.c >&5
configure:8671: $? = 0
configure:8671: result: yes
configure:8671: checking lzo/lzo1x.h presence
configure:8671: gcc -E    conftest.c
configure:8671: $? = 0
configure:8671: result: yes
configure:8671: checking for lzo/lzo1x.h
configure:8671: result: yes
configure:8674: checking for lzo1x_decompress in -llzo2
configure:8699: gcc -o conftest -g -O2       conftest.c -llzo2  -llzma  >&5
configure:8699: $? = 0
configure:8708: result: yes
configure:8721: checking ext2fs/ext2fs.h usability
configure:8721: gcc -c -g -O2    conftest.c >&5
configure:8721: $? = 0
configure:8721: result: yes
configure:8721: checking ext2fs/ext2fs.h presence
configure:8721: gcc -E    conftest.c
configure:8721: $? = 0
configure:8721: result: yes
configure:8721: checking for ext2fs/ext2fs.h
configure:8721: result: yes
configure:8724: checking for ext2fs_open2 in -lext2fs
configure:8749: gcc -o conftest -g -O2       conftest.c -lext2fs  -llzma  >&5
configure:8749: $? = 0
configure:8758: result: yes
configure:8773: checking ext4fs/ext2fs.h usability
configure:8773: gcc -c -g -O2    conftest.c >&5
conftest.c:61:10: fatal error: ext4fs/ext2fs.h: No such file or directory
   61 | #include <ext4fs/ext2fs.h>
      |          ^~~~~~~~~~~~~~~~~
compilation terminated.
configure:8773: $? = 1
configure: failed program was:
| /* confdefs.h */
| #define PACKAGE_NAME "Xen Hypervisor Tools"
| #define PACKAGE_TARNAME "xen"
| #define PACKAGE_VERSION "4.15"
| #define PACKAGE_STRING "Xen Hypervisor Tools 4.15"
| #define PACKAGE_BUGREPORT "xen-devel@lists.xen.org"
| #define PACKAGE_URL "https://www.xen.org/"
| #define HAVE_QEMU_TRADITIONAL 1
| #define HAVE_LIBLZMA 1
| #define HAVE_ROMBIOS 1
| #define QEMU_XEN_PATH "/usr/local/lib/xen/bin/qemu-system-i386"
| #define STUBDOM_QMP_PROXY_PATH "/usr/local/bin/vchan-socket-proxy"
| #define SEABIOS_PATH "/usr/local/lib/xen/boot/seabios.bin"
| #define IPXE_PATH "/usr/local/lib/xen/boot/ipxe.bin"
| #define STDC_HEADERS 1
| #define HAVE_SYS_TYPES_H 1
| #define HAVE_SYS_STAT_H 1
| #define HAVE_STDLIB_H 1
| #define HAVE_STRING_H 1
| #define HAVE_MEMORY_H 1
| #define HAVE_STRINGS_H 1
| #define HAVE_INTTYPES_H 1
| #define HAVE_STDINT_H 1
| #define HAVE_UNISTD_H 1
| #define INCLUDE_CURSES_H <ncurses.h>
| #define INCLUDE_EXTFS_H <ext2fs/ext2fs.h>
| /* end confdefs.h.  */
| #include <stdio.h>
| #ifdef HAVE_SYS_TYPES_H
| # include <sys/types.h>
| #endif
| #ifdef HAVE_SYS_STAT_H
| # include <sys/stat.h>
| #endif
| #ifdef STDC_HEADERS
| # include <stdlib.h>
| # include <stddef.h>
| #else
| # ifdef HAVE_STDLIB_H
| #  include <stdlib.h>
| # endif
| #endif
| #ifdef HAVE_STRING_H
| # if !defined STDC_HEADERS && defined HAVE_MEMORY_H
| #  include <memory.h>
| # endif
| # include <string.h>
| #endif
| #ifdef HAVE_STRINGS_H
| # include <strings.h>
| #endif
| #ifdef HAVE_INTTYPES_H
| # include <inttypes.h>
| #endif
| #ifdef HAVE_STDINT_H
| # include <stdint.h>
| #endif
| #ifdef HAVE_UNISTD_H
| # include <unistd.h>
| #endif
| #include <ext4fs/ext2fs.h>
configure:8773: result: no
configure:8773: checking ext4fs/ext2fs.h presence
configure:8773: gcc -E    conftest.c
conftest.c:28:10: fatal error: ext4fs/ext2fs.h: No such file or directory
   28 | #include <ext4fs/ext2fs.h>
      |          ^~~~~~~~~~~~~~~~~
compilation terminated.
configure:8773: $? = 1
configure: failed program was:
| /* confdefs.h */
| #define PACKAGE_NAME "Xen Hypervisor Tools"
| #define PACKAGE_TARNAME "xen"
| #define PACKAGE_VERSION "4.15"
| #define PACKAGE_STRING "Xen Hypervisor Tools 4.15"
| #define PACKAGE_BUGREPORT "xen-devel@lists.xen.org"
| #define PACKAGE_URL "https://www.xen.org/"
| #define HAVE_QEMU_TRADITIONAL 1
| #define HAVE_LIBLZMA 1
| #define HAVE_ROMBIOS 1
| #define QEMU_XEN_PATH "/usr/local/lib/xen/bin/qemu-system-i386"
| #define STUBDOM_QMP_PROXY_PATH "/usr/local/bin/vchan-socket-proxy"
| #define SEABIOS_PATH "/usr/local/lib/xen/boot/seabios.bin"
| #define IPXE_PATH "/usr/local/lib/xen/boot/ipxe.bin"
| #define STDC_HEADERS 1
| #define HAVE_SYS_TYPES_H 1
| #define HAVE_SYS_STAT_H 1
| #define HAVE_STDLIB_H 1
| #define HAVE_STRING_H 1
| #define HAVE_MEMORY_H 1
| #define HAVE_STRINGS_H 1
| #define HAVE_INTTYPES_H 1
| #define HAVE_STDINT_H 1
| #define HAVE_UNISTD_H 1
| #define INCLUDE_CURSES_H <ncurses.h>
| #define INCLUDE_EXTFS_H <ext2fs/ext2fs.h>
| /* end confdefs.h.  */
| #include <ext4fs/ext2fs.h>
configure:8773: result: no
configure:8773: checking for ext4fs/ext2fs.h
configure:8773: result: no
configure:8828: checking for pthread flag
configure:8864: gcc -o conftest -g -O2 -pthread       -pthread conftest.c -llzma   >&5
conftest.c: In function 'main':
conftest.c:32:3: warning: null argument where non-null required (argument 1) [-Wnonnull]
   32 |   pthread_create(0,0,0,0);
      |   ^~~~~~~~~~~~~~
conftest.c:32:3: warning: null argument where non-null required (argument 3) [-Wnonnull]
configure:8864: $? = 0
configure:8880: result: -pthread
configure:8897: checking libutil.h usability
configure:8897: gcc -c -g -O2    -Werror conftest.c >&5
conftest.c:61:10: fatal error: libutil.h: No such file or directory
   61 | #include <libutil.h>
      |          ^~~~~~~~~~~
compilation terminated.
configure:8897: $? = 1
configure: failed program was:
| /* confdefs.h */
| #define PACKAGE_NAME "Xen Hypervisor Tools"
| #define PACKAGE_TARNAME "xen"
| #define PACKAGE_VERSION "4.15"
| #define PACKAGE_STRING "Xen Hypervisor Tools 4.15"
| #define PACKAGE_BUGREPORT "xen-devel@lists.xen.org"
| #define PACKAGE_URL "https://www.xen.org/"
| #define HAVE_QEMU_TRADITIONAL 1
| #define HAVE_LIBLZMA 1
| #define HAVE_ROMBIOS 1
| #define QEMU_XEN_PATH "/usr/local/lib/xen/bin/qemu-system-i386"
| #define STUBDOM_QMP_PROXY_PATH "/usr/local/bin/vchan-socket-proxy"
| #define SEABIOS_PATH "/usr/local/lib/xen/boot/seabios.bin"
| #define IPXE_PATH "/usr/local/lib/xen/boot/ipxe.bin"
| #define STDC_HEADERS 1
| #define HAVE_SYS_TYPES_H 1
| #define HAVE_SYS_STAT_H 1
| #define HAVE_STDLIB_H 1
| #define HAVE_STRING_H 1
| #define HAVE_MEMORY_H 1
| #define HAVE_STRINGS_H 1
| #define HAVE_INTTYPES_H 1
| #define HAVE_STDINT_H 1
| #define HAVE_UNISTD_H 1
| #define INCLUDE_CURSES_H <ncurses.h>
| #define INCLUDE_EXTFS_H <ext2fs/ext2fs.h>
| /* end confdefs.h.  */
| #include <stdio.h>
| #ifdef HAVE_SYS_TYPES_H
| # include <sys/types.h>
| #endif
| #ifdef HAVE_SYS_STAT_H
| # include <sys/stat.h>
| #endif
| #ifdef STDC_HEADERS
| # include <stdlib.h>
| # include <stddef.h>
| #else
| # ifdef HAVE_STDLIB_H
| #  include <stdlib.h>
| # endif
| #endif
| #ifdef HAVE_STRING_H
| # if !defined STDC_HEADERS && defined HAVE_MEMORY_H
| #  include <memory.h>
| # endif
| # include <string.h>
| #endif
| #ifdef HAVE_STRINGS_H
| # include <strings.h>
| #endif
| #ifdef HAVE_INTTYPES_H
| # include <inttypes.h>
| #endif
| #ifdef HAVE_STDINT_H
| # include <stdint.h>
| #endif
| #ifdef HAVE_UNISTD_H
| # include <unistd.h>
| #endif
| #include <libutil.h>
configure:8897: result: no
configure:8897: checking libutil.h presence
configure:8897: gcc -E    -Werror conftest.c
conftest.c:28:10: fatal error: libutil.h: No such file or directory
   28 | #include <libutil.h>
      |          ^~~~~~~~~~~
compilation terminated.
configure:8897: $? = 1
configure: failed program was:
| /* confdefs.h */
| #define PACKAGE_NAME "Xen Hypervisor Tools"
| #define PACKAGE_TARNAME "xen"
| #define PACKAGE_VERSION "4.15"
| #define PACKAGE_STRING "Xen Hypervisor Tools 4.15"
| #define PACKAGE_BUGREPORT "xen-devel@lists.xen.org"
| #define PACKAGE_URL "https://www.xen.org/"
| #define HAVE_QEMU_TRADITIONAL 1
| #define HAVE_LIBLZMA 1
| #define HAVE_ROMBIOS 1
| #define QEMU_XEN_PATH "/usr/local/lib/xen/bin/qemu-system-i386"
| #define STUBDOM_QMP_PROXY_PATH "/usr/local/bin/vchan-socket-proxy"
| #define SEABIOS_PATH "/usr/local/lib/xen/boot/seabios.bin"
| #define IPXE_PATH "/usr/local/lib/xen/boot/ipxe.bin"
| #define STDC_HEADERS 1
| #define HAVE_SYS_TYPES_H 1
| #define HAVE_SYS_STAT_H 1
| #define HAVE_STDLIB_H 1
| #define HAVE_STRING_H 1
| #define HAVE_MEMORY_H 1
| #define HAVE_STRINGS_H 1
| #define HAVE_INTTYPES_H 1
| #define HAVE_STDINT_H 1
| #define HAVE_UNISTD_H 1
| #define INCLUDE_CURSES_H <ncurses.h>
| #define INCLUDE_EXTFS_H <ext2fs/ext2fs.h>
| /* end confdefs.h.  */
| #include <libutil.h>
configure:8897: result: no
configure:8897: checking for libutil.h
configure:8897: result: no
configure:8910: checking for openpty et al
configure:8939: gcc -o conftest -g -O2       conftest.c -llzma  -lutil >&5
conftest.c: In function 'main':
conftest.c:33:3: warning: implicit declaration of function 'openpty' [-Wimplicit-function-declaration]
   33 |   openpty(0,0,0,0,0);
      |   ^~~~~~~
conftest.c:34:3: warning: implicit declaration of function 'login_tty' [-Wimplicit-function-declaration]
   34 |   login_tty(0);
      |   ^~~~~~~~~
configure:8939: $? = 0
configure:8952: result: -lutil
configure:8957: checking for yajl_alloc in -lyajl
configure:8982: gcc -o conftest -g -O2       conftest.c -lyajl  -llzma  -lutil >&5
configure:8982: $? = 0
configure:8991: result: yes
configure:9004: checking for deflateCopy in -lz
configure:9029: gcc -o conftest -g -O2       conftest.c -lz  -lyajl -llzma  -lutil >&5
configure:9029: $? = 0
configure:9038: result: yes
configure:9051: checking for libiconv_open in -liconv
configure:9076: gcc -o conftest -g -O2       conftest.c -liconv  -lz -lyajl -llzma  -lutil >&5
/usr/bin/ld: cannot find -liconv
collect2: error: ld returned 1 exit status
configure:9076: $? = 1
configure: failed program was:
| /* confdefs.h */
| #define PACKAGE_NAME "Xen Hypervisor Tools"
| #define PACKAGE_TARNAME "xen"
| #define PACKAGE_VERSION "4.15"
| #define PACKAGE_STRING "Xen Hypervisor Tools 4.15"
| #define PACKAGE_BUGREPORT "xen-devel@lists.xen.org"
| #define PACKAGE_URL "https://www.xen.org/"
| #define HAVE_QEMU_TRADITIONAL 1
| #define HAVE_LIBLZMA 1
| #define HAVE_ROMBIOS 1
| #define QEMU_XEN_PATH "/usr/local/lib/xen/bin/qemu-system-i386"
| #define STUBDOM_QMP_PROXY_PATH "/usr/local/bin/vchan-socket-proxy"
| #define SEABIOS_PATH "/usr/local/lib/xen/boot/seabios.bin"
| #define IPXE_PATH "/usr/local/lib/xen/boot/ipxe.bin"
| #define STDC_HEADERS 1
| #define HAVE_SYS_TYPES_H 1
| #define HAVE_SYS_STAT_H 1
| #define HAVE_STDLIB_H 1
| #define HAVE_STRING_H 1
| #define HAVE_MEMORY_H 1
| #define HAVE_STRINGS_H 1
| #define HAVE_INTTYPES_H 1
| #define HAVE_STDINT_H 1
| #define HAVE_UNISTD_H 1
| #define INCLUDE_CURSES_H <ncurses.h>
| #define INCLUDE_EXTFS_H <ext2fs/ext2fs.h>
| #define HAVE_LIBYAJL 1
| #define HAVE_LIBZ 1
| /* end confdefs.h.  */
| 
| /* Override any GCC internal prototype to avoid an error.
|    Use char because int might match the return type of a GCC
|    builtin and then its argument prototype would still apply.  */
| #ifdef __cplusplus
| extern "C"
| #endif
| char libiconv_open ();
| int
| main ()
| {
| return libiconv_open ();
|   ;
|   return 0;
| }
configure:9085: result: no
configure:9094: checking argp.h usability
configure:9094: gcc -c -g -O2    conftest.c >&5
configure:9094: $? = 0
configure:9094: result: yes
configure:9094: checking argp.h presence
configure:9094: gcc -E    conftest.c
configure:9094: $? = 0
configure:9094: result: yes
configure:9094: checking for argp.h
configure:9094: result: yes
configure:9097: checking for argp_usage in -largp
configure:9122: gcc -o conftest -g -O2       conftest.c -largp  -lz -lyajl -llzma  -lutil >&5
/usr/bin/ld: cannot find -largp
collect2: error: ld returned 1 exit status
configure:9122: $? = 1
configure: failed program was:
| /* confdefs.h */
| #define PACKAGE_NAME "Xen Hypervisor Tools"
| #define PACKAGE_TARNAME "xen"
| #define PACKAGE_VERSION "4.15"
| #define PACKAGE_STRING "Xen Hypervisor Tools 4.15"
| #define PACKAGE_BUGREPORT "xen-devel@lists.xen.org"
| #define PACKAGE_URL "https://www.xen.org/"
| #define HAVE_QEMU_TRADITIONAL 1
| #define HAVE_LIBLZMA 1
| #define HAVE_ROMBIOS 1
| #define QEMU_XEN_PATH "/usr/local/lib/xen/bin/qemu-system-i386"
| #define STUBDOM_QMP_PROXY_PATH "/usr/local/bin/vchan-socket-proxy"
| #define SEABIOS_PATH "/usr/local/lib/xen/boot/seabios.bin"
| #define IPXE_PATH "/usr/local/lib/xen/boot/ipxe.bin"
| #define STDC_HEADERS 1
| #define HAVE_SYS_TYPES_H 1
| #define HAVE_SYS_STAT_H 1
| #define HAVE_STDLIB_H 1
| #define HAVE_STRING_H 1
| #define HAVE_MEMORY_H 1
| #define HAVE_STRINGS_H 1
| #define HAVE_INTTYPES_H 1
| #define HAVE_STDINT_H 1
| #define HAVE_UNISTD_H 1
| #define INCLUDE_CURSES_H <ncurses.h>
| #define INCLUDE_EXTFS_H <ext2fs/ext2fs.h>
| #define HAVE_LIBYAJL 1
| #define HAVE_LIBZ 1
| /* end confdefs.h.  */
| 
| /* Override any GCC internal prototype to avoid an error.
|    Use char because int might match the return type of a GCC
|    builtin and then its argument prototype would still apply.  */
| #ifdef __cplusplus
| extern "C"
| #endif
| char argp_usage ();
| int
| main ()
| {
| return argp_usage ();
|   ;
|   return 0;
| }
configure:9131: result: no
configure:9278: checking yajl/yajl_version.h usability
configure:9278: gcc -c -g -O2    conftest.c >&5
configure:9278: $? = 0
configure:9278: result: yes
configure:9278: checking yajl/yajl_version.h presence
configure:9278: gcc -E    conftest.c
configure:9278: $? = 0
configure:9278: result: yes
configure:9278: checking for yajl/yajl_version.h
configure:9278: result: yes
configure:9278: checking sys/eventfd.h usability
configure:9278: gcc -c -g -O2    conftest.c >&5
configure:9278: $? = 0
configure:9278: result: yes
configure:9278: checking sys/eventfd.h presence
configure:9278: gcc -E    conftest.c
configure:9278: $? = 0
configure:9278: result: yes
configure:9278: checking for sys/eventfd.h
configure:9278: result: yes
configure:9278: checking valgrind/memcheck.h usability
configure:9278: gcc -c -g -O2    conftest.c >&5
conftest.c:65:10: fatal error: valgrind/memcheck.h: No such file or directory
   65 | #include <valgrind/memcheck.h>
      |          ^~~~~~~~~~~~~~~~~~~~~
compilation terminated.
configure:9278: $? = 1
configure: failed program was:
| /* confdefs.h */
| #define PACKAGE_NAME "Xen Hypervisor Tools"
| #define PACKAGE_TARNAME "xen"
| #define PACKAGE_VERSION "4.15"
| #define PACKAGE_STRING "Xen Hypervisor Tools 4.15"
| #define PACKAGE_BUGREPORT "xen-devel@lists.xen.org"
| #define PACKAGE_URL "https://www.xen.org/"
| #define HAVE_QEMU_TRADITIONAL 1
| #define HAVE_LIBLZMA 1
| #define HAVE_ROMBIOS 1
| #define QEMU_XEN_PATH "/usr/local/lib/xen/bin/qemu-system-i386"
| #define STUBDOM_QMP_PROXY_PATH "/usr/local/bin/vchan-socket-proxy"
| #define SEABIOS_PATH "/usr/local/lib/xen/boot/seabios.bin"
| #define IPXE_PATH "/usr/local/lib/xen/boot/ipxe.bin"
| #define STDC_HEADERS 1
| #define HAVE_SYS_TYPES_H 1
| #define HAVE_SYS_STAT_H 1
| #define HAVE_STDLIB_H 1
| #define HAVE_STRING_H 1
| #define HAVE_MEMORY_H 1
| #define HAVE_STRINGS_H 1
| #define HAVE_INTTYPES_H 1
| #define HAVE_STDINT_H 1
| #define HAVE_UNISTD_H 1
| #define INCLUDE_CURSES_H <ncurses.h>
| #define INCLUDE_EXTFS_H <ext2fs/ext2fs.h>
| #define HAVE_LIBYAJL 1
| #define HAVE_LIBZ 1
| #define HAVE_YAJL_YAJL_VERSION_H 1
| #define HAVE_SYS_EVENTFD_H 1
| /* end confdefs.h.  */
| #include <stdio.h>
| #ifdef HAVE_SYS_TYPES_H
| # include <sys/types.h>
| #endif
| #ifdef HAVE_SYS_STAT_H
| # include <sys/stat.h>
| #endif
| #ifdef STDC_HEADERS
| # include <stdlib.h>
| # include <stddef.h>
| #else
| # ifdef HAVE_STDLIB_H
| #  include <stdlib.h>
| # endif
| #endif
| #ifdef HAVE_STRING_H
| # if !defined STDC_HEADERS && defined HAVE_MEMORY_H
| #  include <memory.h>
| # endif
| # include <string.h>
| #endif
| #ifdef HAVE_STRINGS_H
| # include <strings.h>
| #endif
| #ifdef HAVE_INTTYPES_H
| # include <inttypes.h>
| #endif
| #ifdef HAVE_STDINT_H
| # include <stdint.h>
| #endif
| #ifdef HAVE_UNISTD_H
| # include <unistd.h>
| #endif
| #include <valgrind/memcheck.h>
configure:9278: result: no
configure:9278: checking valgrind/memcheck.h presence
configure:9278: gcc -E    conftest.c
conftest.c:32:10: fatal error: valgrind/memcheck.h: No such file or directory
   32 | #include <valgrind/memcheck.h>
      |          ^~~~~~~~~~~~~~~~~~~~~
compilation terminated.
configure:9278: $? = 1
configure: failed program was:
| /* confdefs.h */
| #define PACKAGE_NAME "Xen Hypervisor Tools"
| #define PACKAGE_TARNAME "xen"
| #define PACKAGE_VERSION "4.15"
| #define PACKAGE_STRING "Xen Hypervisor Tools 4.15"
| #define PACKAGE_BUGREPORT "xen-devel@lists.xen.org"
| #define PACKAGE_URL "https://www.xen.org/"
| #define HAVE_QEMU_TRADITIONAL 1
| #define HAVE_LIBLZMA 1
| #define HAVE_ROMBIOS 1
| #define QEMU_XEN_PATH "/usr/local/lib/xen/bin/qemu-system-i386"
| #define STUBDOM_QMP_PROXY_PATH "/usr/local/bin/vchan-socket-proxy"
| #define SEABIOS_PATH "/usr/local/lib/xen/boot/seabios.bin"
| #define IPXE_PATH "/usr/local/lib/xen/boot/ipxe.bin"
| #define STDC_HEADERS 1
| #define HAVE_SYS_TYPES_H 1
| #define HAVE_SYS_STAT_H 1
| #define HAVE_STDLIB_H 1
| #define HAVE_STRING_H 1
| #define HAVE_MEMORY_H 1
| #define HAVE_STRINGS_H 1
| #define HAVE_INTTYPES_H 1
| #define HAVE_STDINT_H 1
| #define HAVE_UNISTD_H 1
| #define INCLUDE_CURSES_H <ncurses.h>
| #define INCLUDE_EXTFS_H <ext2fs/ext2fs.h>
| #define HAVE_LIBYAJL 1
| #define HAVE_LIBZ 1
| #define HAVE_YAJL_YAJL_VERSION_H 1
| #define HAVE_SYS_EVENTFD_H 1
| /* end confdefs.h.  */
| #include <valgrind/memcheck.h>
configure:9278: result: no
configure:9278: checking for valgrind/memcheck.h
configure:9278: result: no
configure:9278: checking utmp.h usability
configure:9278: gcc -c -g -O2    conftest.c >&5
configure:9278: $? = 0
configure:9278: result: yes
configure:9278: checking utmp.h presence
configure:9278: gcc -E    conftest.c
configure:9278: $? = 0
configure:9278: result: yes
configure:9278: checking for utmp.h
configure:9278: result: yes
configure:9292: checking for LIBNL3
configure:9299: $PKG_CONFIG --exists --print-errors "libnl-3.0 >= 3.2.8 libnl-route-3.0 >= 3.2.8"
Package libnl-3.0 was not found in the pkg-config search path.
Perhaps you should add the directory containing `libnl-3.0.pc'
to the PKG_CONFIG_PATH environment variable
No package 'libnl-3.0' found
Package libnl-route-3.0 was not found in the pkg-config search path.
Perhaps you should add the directory containing `libnl-route-3.0.pc'
to the PKG_CONFIG_PATH environment variable
No package 'libnl-route-3.0' found
configure:9302: $? = 1
configure:9316: $PKG_CONFIG --exists --print-errors "libnl-3.0 >= 3.2.8 libnl-route-3.0 >= 3.2.8"
Package libnl-3.0 was not found in the pkg-config search path.
Perhaps you should add the directory containing `libnl-3.0.pc'
to the PKG_CONFIG_PATH environment variable
No package 'libnl-3.0' found
Package libnl-route-3.0 was not found in the pkg-config search path.
Perhaps you should add the directory containing `libnl-route-3.0.pc'
to the PKG_CONFIG_PATH environment variable
No package 'libnl-route-3.0' found
configure:9319: $? = 1
configure:9333: result: no
No package 'libnl-3.0' found
No package 'libnl-route-3.0' found
configure:9366: WARNING: Disabling support for Remus network buffering and COLO.
    Please install libnl3 libraries (including libnl3-route), command line tools and devel
    headers - version 3.2.8 or higher
configure:9435: checking for SYSTEMD
configure:9442: $PKG_CONFIG --exists --print-errors "libsystemd-daemon"
Package libsystemd-daemon was not found in the pkg-config search path.
Perhaps you should add the directory containing `libsystemd-daemon.pc'
to the PKG_CONFIG_PATH environment variable
No package 'libsystemd-daemon' found
configure:9445: $? = 1
configure:9459: $PKG_CONFIG --exists --print-errors "libsystemd-daemon"
Package libsystemd-daemon was not found in the pkg-config search path.
Perhaps you should add the directory containing `libsystemd-daemon.pc'
to the PKG_CONFIG_PATH environment variable
No package 'libsystemd-daemon' found
configure:9462: $? = 1
configure:9476: result: no
No package 'libsystemd-daemon' found
configure:9495: checking for SYSTEMD
configure:9502: $PKG_CONFIG --exists --print-errors "libsystemd >= 209"
configure:9505: $? = 0
configure:9519: $PKG_CONFIG --exists --print-errors "libsystemd >= 209"
configure:9522: $? = 0
configure:9560: result: yes
configure:9661: checking for SYSTEMD
configure:9668: $PKG_CONFIG --exists --print-errors "libsystemd-daemon"
Package libsystemd-daemon was not found in the pkg-config search path.
Perhaps you should add the directory containing `libsystemd-daemon.pc'
to the PKG_CONFIG_PATH environment variable
No package 'libsystemd-daemon' found
configure:9671: $? = 1
configure:9702: result: no
No package 'libsystemd-daemon' found
configure:9720: checking for SYSTEMD
configure:9727: $PKG_CONFIG --exists --print-errors "libsystemd >= 209"
configure:9730: $? = 0
configure:9805: result: yes
configure:10101: creating ./config.status

## ---------------------- ##
## Running config.status. ##
## ---------------------- ##

This file was extended by Xen Hypervisor Tools config.status 4.15, which was
generated by GNU Autoconf 2.69.  Invocation command line was

  CONFIG_FILES    = 
  CONFIG_HEADERS  = 
  CONFIG_LINKS    = 
  CONFIG_COMMANDS = 
  $ ./config.status 

on hamza-Inspiron-3493

config.status:955: creating ../config/Tools.mk
config.status:955: creating hotplug/FreeBSD/rc.d/xencommons
config.status:955: creating hotplug/FreeBSD/rc.d/xendriverdomain
config.status:955: creating hotplug/Linux/init.d/sysconfig.xencommons
config.status:955: creating hotplug/Linux/init.d/sysconfig.xendomains
config.status:955: creating hotplug/Linux/init.d/xen-watchdog
config.status:955: creating hotplug/Linux/init.d/xencommons
config.status:955: creating hotplug/Linux/init.d/xendomains
config.status:955: creating hotplug/Linux/init.d/xendriverdomain
config.status:955: creating hotplug/Linux/launch-xenstore
config.status:955: creating hotplug/Linux/vif-setup
config.status:955: creating hotplug/Linux/xen-hotplug-common.sh
config.status:955: creating hotplug/Linux/xendomains
config.status:955: creating hotplug/NetBSD/rc.d/xencommons
config.status:955: creating hotplug/NetBSD/rc.d/xendriverdomain
config.status:955: creating ocaml/xenstored/oxenstored.conf
config.status:955: creating hotplug/Linux/systemd/proc-xen.mount
config.status:955: creating hotplug/Linux/systemd/var-lib-xenstored.mount
config.status:955: creating hotplug/Linux/systemd/xen-init-dom0.service
config.status:955: creating hotplug/Linux/systemd/xen-qemu-dom0-disk-backend.service
config.status:955: creating hotplug/Linux/systemd/xen-watchdog.service
config.status:955: creating hotplug/Linux/systemd/xenconsoled.service
config.status:955: creating hotplug/Linux/systemd/xendomains.service
config.status:955: creating hotplug/Linux/systemd/xendriverdomain.service
config.status:955: creating hotplug/Linux/systemd/xenstored.service
config.status:955: creating config.h

## ---------------- ##
## Cache variables. ##
## ---------------- ##

ac_cv_build=x86_64-pc-linux-gnu
ac_cv_c_compiler_gnu=yes
ac_cv_env_APPEND_INCLUDES_set=
ac_cv_env_APPEND_INCLUDES_value=
ac_cv_env_APPEND_LIB_set=
ac_cv_env_APPEND_LIB_value=
ac_cv_env_AS86_set=
ac_cv_env_AS86_value=
ac_cv_env_AWK_set=
ac_cv_env_AWK_value=
ac_cv_env_BASH_set=set
ac_cv_env_BASH_value=/bin/bash
ac_cv_env_BCC_set=
ac_cv_env_BCC_value=
ac_cv_env_BISON_set=
ac_cv_env_BISON_value=
ac_cv_env_CC_set=
ac_cv_env_CC_value=
ac_cv_env_CFLAGS_set=
ac_cv_env_CFLAGS_value=
ac_cv_env_CPPFLAGS_set=
ac_cv_env_CPPFLAGS_value=
ac_cv_env_CPP_set=
ac_cv_env_CPP_value=
ac_cv_env_FLEX_set=
ac_cv_env_FLEX_value=
ac_cv_env_IASL_set=
ac_cv_env_IASL_value=
ac_cv_env_LD86_set=
ac_cv_env_LD86_value=
ac_cv_env_LDFLAGS_set=
ac_cv_env_LDFLAGS_value=
ac_cv_env_LIBNL3_CFLAGS_set=
ac_cv_env_LIBNL3_CFLAGS_value=
ac_cv_env_LIBNL3_LIBS_set=
ac_cv_env_LIBNL3_LIBS_value=
ac_cv_env_LIBS_set=
ac_cv_env_LIBS_value=
ac_cv_env_PERL_set=
ac_cv_env_PERL_value=
ac_cv_env_PKG_CONFIG_LIBDIR_set=
ac_cv_env_PKG_CONFIG_LIBDIR_value=
ac_cv_env_PKG_CONFIG_PATH_set=
ac_cv_env_PKG_CONFIG_PATH_value=
ac_cv_env_PKG_CONFIG_set=
ac_cv_env_PKG_CONFIG_value=
ac_cv_env_PREPEND_INCLUDES_set=
ac_cv_env_PREPEND_INCLUDES_value=
ac_cv_env_PREPEND_LIB_set=
ac_cv_env_PREPEND_LIB_value=
ac_cv_env_PYTHON_set=
ac_cv_env_PYTHON_value=
ac_cv_env_SYSTEMD_CFLAGS_set=
ac_cv_env_SYSTEMD_CFLAGS_value=
ac_cv_env_SYSTEMD_LIBS_set=
ac_cv_env_SYSTEMD_LIBS_value=
ac_cv_env_XGETTEXT_set=
ac_cv_env_XGETTEXT_value=
ac_cv_env_build_alias_set=
ac_cv_env_build_alias_value=
ac_cv_env_glib_CFLAGS_set=
ac_cv_env_glib_CFLAGS_value=
ac_cv_env_glib_LIBS_set=
ac_cv_env_glib_LIBS_value=
ac_cv_env_host_alias_set=
ac_cv_env_host_alias_value=
ac_cv_env_pixman_CFLAGS_set=
ac_cv_env_pixman_CFLAGS_value=
ac_cv_env_pixman_LIBS_set=
ac_cv_env_pixman_LIBS_value=
ac_cv_env_target_alias_set=
ac_cv_env_target_alias_value=
ac_cv_func_PyArg_ParseTuple=yes
ac_cv_header_Python_h=yes
ac_cv_header_argp_h=yes
ac_cv_header_bzlib_h=yes
ac_cv_header_curses_h=yes
ac_cv_header_ext2fs_ext2fs_h=yes
ac_cv_header_ext4fs_ext2fs_h=no
ac_cv_header_inttypes_h=yes
ac_cv_header_libutil_h=no
ac_cv_header_lzma_h=yes
ac_cv_header_lzo_lzo1x_h=yes
ac_cv_header_memory_h=yes
ac_cv_header_ncurses_h=yes
ac_cv_header_stdc=yes
ac_cv_header_stdint_h=yes
ac_cv_header_stdlib_h=yes
ac_cv_header_string_h=yes
ac_cv_header_strings_h=yes
ac_cv_header_sys_eventfd_h=yes
ac_cv_header_sys_stat_h=yes
ac_cv_header_sys_types_h=yes
ac_cv_header_unistd_h=yes
ac_cv_header_utmp_h=yes
ac_cv_header_uuid_h=no
ac_cv_header_uuid_uuid_h=yes
ac_cv_header_valgrind_memcheck_h=no
ac_cv_header_yajl_yajl_version_h=yes
ac_cv_host=x86_64-pc-linux-gnu
ac_cv_lib_argp_argp_usage=no
ac_cv_lib_bz2_BZ2_bzDecompressInit=yes
ac_cv_lib_curses_clear=yes
ac_cv_lib_ext2fs_ext2fs_open2=yes
ac_cv_lib_iconv_libiconv_open=no
ac_cv_lib_lzma_lzma_stream_decoder=yes
ac_cv_lib_lzma_lzma_version_number=yes
ac_cv_lib_lzo2_lzo1x_decompress=yes
ac_cv_lib_ncurses_clear=yes
ac_cv_lib_tinfo_define_key=yes
ac_cv_lib_uuid_uuid_clear=yes
ac_cv_lib_yajl_yajl_alloc=yes
ac_cv_lib_z_deflateCopy=yes
ac_cv_objext=o
ac_cv_path_AS86=/usr/bin/as86
ac_cv_path_AWK=/usr/bin/awk
ac_cv_path_BASH=/bin/bash
ac_cv_path_BCC=/usr/bin/bcc
ac_cv_path_BISON=/usr/bin/bison
ac_cv_path_EGREP='/usr/bin/grep -E'
ac_cv_path_FALSE=/usr/bin/false
ac_cv_path_FLEX=/usr/bin/flex
ac_cv_path_GREP=/usr/bin/grep
ac_cv_path_IASL=/usr/bin/iasl
ac_cv_path_LD86=/usr/bin/ld86
ac_cv_path_PERL=/usr/bin/perl
ac_cv_path_PYTHON=/usr/bin/python3
ac_cv_path_PYTHONPATH=/usr/bin/python3
ac_cv_path_WGET=/usr/bin/wget
ac_cv_path_XGETTEXT=/usr/bin/xgettext
ac_cv_path_ac_pt_PKG_CONFIG=/usr/bin/pkg-config
ac_cv_path_install='/usr/bin/install -c'
ac_cv_path_pyconfig=/usr/bin/python3-config
ac_cv_prog_AWK=/usr/bin/awk
ac_cv_prog_CPP='gcc -E'
ac_cv_prog_PYTHON=python3
ac_cv_prog_ac_ct_CC=gcc
ac_cv_prog_ac_ct_CHECKPOLICY=checkpolicy
ac_cv_prog_ac_ct_OCAML=ocaml
ac_cv_prog_ac_ct_OCAMLC=ocamlc
ac_cv_prog_ac_ct_OCAMLCDOTOPT=ocamlc.opt
ac_cv_prog_ac_ct_OCAMLDEP=ocamldep
ac_cv_prog_ac_ct_OCAMLDOC=ocamldoc
ac_cv_prog_ac_ct_OCAMLFIND=ocamlfind
ac_cv_prog_ac_ct_OCAMLMKLIB=ocamlmklib
ac_cv_prog_ac_ct_OCAMLMKTOP=ocamlmktop
ac_cv_prog_ac_ct_OCAMLOPT=ocamlopt
ac_cv_prog_ac_ct_OCAMLOPTDOTOPT=ocamlopt.opt
ac_cv_prog_cc_c89=
ac_cv_prog_cc_g=yes
ac_cv_prog_make_make_set=yes
ac_cv_sys_file_offset_bits=no
ac_cv_sys_largefile_CC=no
ax_cv_githttp=n
ax_cv_golang=y
ax_cv_monitors=y
ax_cv_ocamltools=y
ax_cv_ovmf=n
ax_cv_pthread_flags=-pthread
ax_cv_ptyfuncs_libs=-lutil
ax_cv_python_fortify=no
ax_cv_rpath=n
ax_cv_seabios=y
ax_cv_systemd=y
ax_cv_xsmpolicy=y
pkg_cv_SYSTEMD_CFLAGS=
pkg_cv_SYSTEMD_LIBS=-lsystemd
pkg_cv_glib_CFLAGS='-I/usr/include/glib-2.0 -I/usr/lib/x86_64-linux-gnu/glib-2.0/include'
pkg_cv_glib_LIBS=-lglib-2.0
pkg_cv_pixman_CFLAGS=-I/usr/include/pixman-1
pkg_cv_pixman_LIBS=-lpixman-1

## ----------------- ##
## Output variables. ##
## ----------------- ##

APPEND_INCLUDES=''
APPEND_LIB=''
AS86='/usr/bin/as86'
AWK='/usr/bin/awk'
BASH='/bin/bash'
BCC='/usr/bin/bcc'
BISON='/usr/bin/bison'
CC='gcc'
CFLAGS='-g -O2'
CHECKPOLICY='checkpolicy'
CONFIG_DIR='/etc'
CONFIG_LEAF_DIR='default'
CONFIG_RUMP='n'
CPP='gcc -E'
CPPFLAGS='  '
CURSES_LIBS='-lncurses'
DEBUG_DIR='/usr/local/lib/debug'
DEFS='-DHAVE_CONFIG_H'
ECHO_C=''
ECHO_N='-n'
ECHO_T=''
EGREP='/usr/bin/grep -E'
EXEEXT=''
EXTFS_LIBS='-lext2fs'
EXTRA_QEMUU_CONFIGURE_ARGS=''
FALSE='/usr/bin/false'
FETCHER='/usr/bin/wget -c -O'
FILE_OFFSET_BITS=''
FLEX='/usr/bin/flex'
FTP=''
GO='no'
GREP='/usr/bin/grep'
IASL='/usr/bin/iasl'
INITD_DIR='/etc/init.d'
INSTALL_DATA='${INSTALL} -m 644'
INSTALL_PROGRAM='${INSTALL}'
INSTALL_SCRIPT='${INSTALL}'
LD86='/usr/bin/ld86'
LDFLAGS='  '
LIBEXEC='/usr/local/lib/xen'
LIBEXEC_BIN='/usr/local/lib/xen/bin'
LIBEXEC_INC='/usr/local/lib/xen/include'
LIBEXEC_LIB='/usr/local/lib/xen/lib'
LIBNL3_CFLAGS=''
LIBNL3_LIBS=''
LIBOBJS=''
LIBS='-lz -lyajl -llzma  -lutil'
LINUX_BACKEND_MODULES='xen-evtchn xen-gntdev xen-gntalloc xen-blkback xen-netback xen-pciback evtchn gntdev netbk blkbk xen-scsibk usbbk pciback xen-acpi-processor'
LTLIBOBJS=''
OBJEXT='o'
OCAML='ocaml'
OCAMLBEST='opt'
OCAMLBUILD='no'
OCAMLC='ocamlc.opt'
OCAMLCDOTOPT='ocamlc.opt'
OCAMLDEP='ocamldep'
OCAMLDOC='ocamldoc'
OCAMLFIND='ocamlfind'
OCAMLLIB='/usr/lib/ocaml'
OCAMLMKLIB='ocamlmklib'
OCAMLMKTOP='ocamlmktop'
OCAMLOPT='ocamlopt.opt'
OCAMLOPTDOTOPT='ocamlopt.opt'
OCAMLVERSION='4.08.1'
PACKAGE_BUGREPORT='xen-devel@lists.xen.org'
PACKAGE_NAME='Xen Hypervisor Tools'
PACKAGE_STRING='Xen Hypervisor Tools 4.15'
PACKAGE_TARNAME='xen'
PACKAGE_URL='https://www.xen.org/'
PACKAGE_VERSION='4.15'
PATH_SEPARATOR=':'
PERL='/usr/bin/perl'
PKG_CONFIG='/usr/bin/pkg-config'
PKG_CONFIG_LIBDIR=''
PKG_CONFIG_PATH=''
PREPEND_INCLUDES=''
PREPEND_LIB=''
PTHREAD_CFLAGS='-pthread'
PTHREAD_LDFLAGS='-pthread'
PTHREAD_LIBS=''
PTYFUNCS_LIBS='-lutil'
PYTHON='python3'
PYTHONPATH='/usr/bin/python3'
PY_NOOPT_CFLAGS=''
SET_MAKE=''
SHAREDIR='/usr/local/share'
SHELL='/bin/bash'
SYSTEMD_CFLAGS=''
SYSTEMD_DIR='$(prefix)/lib/systemd/system/'
SYSTEMD_LIBS='-lsystemd'
SYSTEMD_MODULES_LOAD='$(prefix)/lib/modules-load.d/'
TINFO_LIBS='-ltinfo'
WGET='/usr/bin/wget'
XENFIRMWAREDIR='/usr/local/lib/xen/boot'
XENSTORED='/usr/local/sbin/oxenstored'
XENSTORED_KVA='/proc/xen/xsd_kva'
XENSTORED_PORT='/proc/xen/xsd_port'
XEN_CONFIG_DIR='/etc/xen'
XEN_DUMP_DIR='/var/lib/xen/dump'
XEN_LIB_DIR='/var/lib/xen'
XEN_LIB_STORED='/var/lib/xenstored'
XEN_LOCK_DIR='/var/lock'
XEN_LOG_DIR='/var/log/xen'
XEN_PAGING_DIR='/var/lib/xen/xenpaging'
XEN_RUN_DIR='/var/run/xen'
XEN_RUN_STORED='/var/run/xenstored'
XEN_SCRIPT_DIR='/etc/xen/scripts'
XGETTEXT='/usr/bin/xgettext'
ac_ct_CC='gcc'
argp_ldflags=''
bindir='/usr/local/bin'
build='x86_64-pc-linux-gnu'
build_alias=''
build_cpu='x86_64'
build_os='linux-gnu'
build_vendor='pc'
datadir='${datarootdir}'
datarootdir='${prefix}/share'
docdir='${datarootdir}/doc/${PACKAGE_TARNAME}'
dvidir='${docdir}'
exec_prefix='/usr/local'
githttp='n'
glib_CFLAGS='-I/usr/include/glib-2.0 -I/usr/lib/x86_64-linux-gnu/glib-2.0/include'
glib_LIBS='-lglib-2.0'
golang='n'
host='x86_64-pc-linux-gnu'
host_alias=''
host_cpu='x86_64'
host_os='linux-gnu'
host_vendor='pc'
htmldir='${docdir}'
includedir='${prefix}/include'
infodir='${datarootdir}/info'
ipxe='y'
libdir='/usr/local'
libexecdir='${exec_prefix}/lib'
libiconv='n'
libnl='n'
localedir='${datarootdir}/locale'
localstatedir='/var'
mandir='${datarootdir}/man'
monitors='y'
ninepfs=''
ocamltools='y'
oldincludedir='/usr/include'
ovmf='n'
pdfdir='${docdir}'
pixman_CFLAGS='-I/usr/include/pixman-1'
pixman_LIBS='-lpixman-1'
prefix='/usr/local'
program_transform_name='s,x,x,'
psdir='${docdir}'
pvshim='y'
pyconfig='/usr/bin/python3-config'
qemu_traditional='y'
qemu_xen='y'
qemu_xen_path='/usr/local/lib/xen/bin/qemu-system-i386'
qemu_xen_systemd='/usr/local/lib/xen/bin/qemu-system-i386'
rombios='y'
rpath='n'
runstatedir='${localstatedir}/run'
sbindir='/usr/local/sbin'
seabios='y'
sharedstatedir='${prefix}/com'
sysconfdir='/etc'
system_aio=''
systemd='y'
target_alias=''
xsmpolicy='y'
zlib=' -DHAVE_BZLIB -lbz2 -DHAVE_LZMA -llzma -DHAVE_LZO1X -llzo2'

## ----------- ##
## confdefs.h. ##
## ----------- ##

/* confdefs.h */
#define PACKAGE_NAME "Xen Hypervisor Tools"
#define PACKAGE_TARNAME "xen"
#define PACKAGE_VERSION "4.15"
#define PACKAGE_STRING "Xen Hypervisor Tools 4.15"
#define PACKAGE_BUGREPORT "xen-devel@lists.xen.org"
#define PACKAGE_URL "https://www.xen.org/"
#define HAVE_QEMU_TRADITIONAL 1
#define HAVE_LIBLZMA 1
#define HAVE_ROMBIOS 1
#define QEMU_XEN_PATH "/usr/local/lib/xen/bin/qemu-system-i386"
#define STUBDOM_QMP_PROXY_PATH "/usr/local/bin/vchan-socket-proxy"
#define SEABIOS_PATH "/usr/local/lib/xen/boot/seabios.bin"
#define IPXE_PATH "/usr/local/lib/xen/boot/ipxe.bin"
#define STDC_HEADERS 1
#define HAVE_SYS_TYPES_H 1
#define HAVE_SYS_STAT_H 1
#define HAVE_STDLIB_H 1
#define HAVE_STRING_H 1
#define HAVE_MEMORY_H 1
#define HAVE_STRINGS_H 1
#define HAVE_INTTYPES_H 1
#define HAVE_STDINT_H 1
#define HAVE_UNISTD_H 1
#define INCLUDE_CURSES_H <ncurses.h>
#define INCLUDE_EXTFS_H <ext2fs/ext2fs.h>
#define HAVE_LIBYAJL 1
#define HAVE_LIBZ 1
#define HAVE_YAJL_YAJL_VERSION_H 1
#define HAVE_SYS_EVENTFD_H 1
#define HAVE_UTMP_H 1
#define HAVE_SYSTEMD 1

configure: exit 0
