This file contains any messages produced by compilers while
running configure, to aid debugging if configure makes a mistake.

It was created by Xen Hypervisor Documentation configure 4.15, which was
generated by GNU Autoconf 2.69.  Invocation command line was

  $ ./configure --disable-option-checking --prefix=/usr/local --libdir=/usr/local --enable-systemd --cache-file=/dev/null --srcdir=.

## --------- ##
## Platform. ##
## --------- ##

hostname = hamza-Inspiron-3493
uname -m = x86_64
uname -r = 5.4.33
uname -s = Linux
uname -v = #1.ribalinux SMP Sat Jun 6 20:44:57 PKT 2020

/usr/bin/uname -p = x86_64
/bin/uname -X     = unknown

/bin/arch              = x86_64
/usr/bin/arch -k       = unknown
/usr/convex/getsysinfo = unknown
/usr/bin/hostinfo      = unknown
/bin/machine           = unknown
/usr/bin/oslevel       = unknown
/bin/universe          = unknown

PATH: /usr/local/sbin
PATH: /usr/local/bin
PATH: /usr/sbin
PATH: /usr/bin
PATH: /sbin
PATH: /bin
PATH: /snap/bin


## ----------- ##
## Core tests. ##
## ----------- ##

configure:1977: checking for fig2dev
configure:2010: result: no
configure:2017: WARNING: fig2dev is not available so some documentation won't be built
configure:2026: checking for pod2man
configure:2044: found /usr/bin/pod2man
configure:2056: result: /usr/bin/pod2man
configure:2075: checking for pod2html
configure:2093: found /usr/bin/pod2html
configure:2105: result: /usr/bin/pod2html
configure:2124: checking for pod2text
configure:2142: found /usr/bin/pod2text
configure:2154: result: /usr/bin/pod2text
configure:2173: checking for pandoc
configure:2191: found /usr/bin/pandoc
configure:2203: result: /usr/bin/pandoc
configure:2222: checking for perl
configure:2240: found /usr/bin/perl
configure:2253: result: /usr/bin/perl
configure:2408: creating ./config.status

## ---------------------- ##
## Running config.status. ##
## ---------------------- ##

This file was extended by Xen Hypervisor Documentation config.status 4.15, which was
generated by GNU Autoconf 2.69.  Invocation command line was

  CONFIG_FILES    = 
  CONFIG_HEADERS  = 
  CONFIG_LINKS    = 
  CONFIG_COMMANDS = 
  $ ./config.status 

on hamza-Inspiron-3493

config.status:740: creating ../config/Docs.mk
config.status:740: creating man/xl.cfg.5.pod
config.status:740: creating man/xl.1.pod

## ---------------- ##
## Cache variables. ##
## ---------------- ##

ac_cv_env_FIG2DEV_set=
ac_cv_env_FIG2DEV_value=
ac_cv_env_PANDOC_set=
ac_cv_env_PANDOC_value=
ac_cv_env_PERL_set=
ac_cv_env_PERL_value=
ac_cv_env_POD2HTML_set=
ac_cv_env_POD2HTML_value=
ac_cv_env_POD2MAN_set=
ac_cv_env_POD2MAN_value=
ac_cv_env_POD2TEXT_set=
ac_cv_env_POD2TEXT_value=
ac_cv_env_build_alias_set=
ac_cv_env_build_alias_value=
ac_cv_env_host_alias_set=
ac_cv_env_host_alias_value=
ac_cv_env_target_alias_set=
ac_cv_env_target_alias_value=
ac_cv_path_PANDOC=/usr/bin/pandoc
ac_cv_path_PERL=/usr/bin/perl
ac_cv_path_POD2HTML=/usr/bin/pod2html
ac_cv_path_POD2MAN=/usr/bin/pod2man
ac_cv_path_POD2TEXT=/usr/bin/pod2text

## ----------------- ##
## Output variables. ##
## ----------------- ##

CONFIG_DIR='/etc'
CONFIG_LEAF_DIR='default'
DEBUG_DIR='/usr/local/lib/debug'
DEFS='-DPACKAGE_NAME=\"Xen\ Hypervisor\ Documentation\" -DPACKAGE_TARNAME=\"xen\" -DPACKAGE_VERSION=\"4.15\" -DPACKAGE_STRING=\"Xen\ Hypervisor\ Documentation\ 4.15\" -DPACKAGE_BUGREPORT=\"xen-devel@lists.xen.org\" -DPACKAGE_URL=\"https://www.xen.org/\"'
ECHO_C=''
ECHO_N='-n'
ECHO_T=''
FIG2DEV=''
INITD_DIR='/etc/rc.d'
LIBEXEC='/usr/local/lib/xen'
LIBEXEC_BIN='/usr/local/lib/xen/bin'
LIBEXEC_INC='/usr/local/lib/xen/include'
LIBEXEC_LIB='/usr/local/lib/xen/lib'
LIBOBJS=''
LIBS=''
LTLIBOBJS=''
PACKAGE_BUGREPORT='xen-devel@lists.xen.org'
PACKAGE_NAME='Xen Hypervisor Documentation'
PACKAGE_STRING='Xen Hypervisor Documentation 4.15'
PACKAGE_TARNAME='xen'
PACKAGE_URL='https://www.xen.org/'
PACKAGE_VERSION='4.15'
PANDOC='/usr/bin/pandoc'
PATH_SEPARATOR=':'
PERL='/usr/bin/perl'
POD2HTML='/usr/bin/pod2html'
POD2MAN='/usr/bin/pod2man'
POD2TEXT='/usr/bin/pod2text'
SHAREDIR='/usr/local/share'
SHELL='/bin/bash'
XENFIRMWAREDIR='/usr/local/lib/xen/boot'
XENSTORED_KVA='/proc/xen/xsd_kva'
XENSTORED_PORT='/proc/xen/xsd_port'
XEN_CONFIG_DIR='/etc/xen'
XEN_DUMP_DIR='/var/lib/xen/dump'
XEN_LIB_DIR='/var/lib/xen'
XEN_LIB_STORED='/var/lib/xenstored'
XEN_LOCK_DIR='/var/lock'
XEN_LOG_DIR='/var/log/xen'
XEN_PAGING_DIR='/var/lib/xen/xenpaging'
XEN_RUN_DIR='/var/run/xen'
XEN_RUN_STORED='/var/run/xenstored'
XEN_SCRIPT_DIR='/etc/xen/scripts'
bindir='/usr/local/bin'
build_alias=''
datadir='${datarootdir}'
datarootdir='${prefix}/share'
docdir='${datarootdir}/doc/${PACKAGE_TARNAME}'
dvidir='${docdir}'
exec_prefix='/usr/local'
host_alias=''
htmldir='${docdir}'
includedir='${prefix}/include'
infodir='${datarootdir}/info'
libdir='/usr/local'
libexecdir='${exec_prefix}/lib'
localedir='${datarootdir}/locale'
localstatedir='/var'
mandir='${datarootdir}/man'
oldincludedir='/usr/include'
pdfdir='${docdir}'
prefix='/usr/local'
program_transform_name='s,x,x,'
psdir='${docdir}'
runstatedir='${localstatedir}/run'
sbindir='/usr/local/sbin'
sharedstatedir='${prefix}/com'
sysconfdir='/etc'
target_alias=''

## ----------- ##
## confdefs.h. ##
## ----------- ##

/* confdefs.h */
#define PACKAGE_NAME "Xen Hypervisor Documentation"
#define PACKAGE_TARNAME "xen"
#define PACKAGE_VERSION "4.15"
#define PACKAGE_STRING "Xen Hypervisor Documentation 4.15"
#define PACKAGE_BUGREPORT "xen-devel@lists.xen.org"
#define PACKAGE_URL "https://www.xen.org/"

configure: exit 0
